<?xml version="1.0" encoding="UTF-8"?>
<!-- Generated by org.testng.reporters.JUnitXMLReporter -->
<testsuite hostname="CDC2-D-CGQPXJ2" name="Default test" tests="4" failures="0" timestamp="17 Jul 2019 10:25:14 GMT" time="75.296" errors="0">
  <testcase name="testRegistration" time="17.609" classname="casestudy.onlineShoppingTest"/>
  <testcase name="testLogin" time="1.619" classname="casestudy.onlineShoppingTest"/>
  <testcase name="testCart" time="9.414" classname="casestudy.onlineShoppingTest"/>
  <testcase name="testPayment" time="21.405" classname="casestudy.onlineShoppingTest"/>
</testsuite> <!-- Default test -->
