<?xml version="1.0" encoding="UTF-8"?>
<testng-results skipped="0" failed="0" total="4" passed="4">
  <reporter-output>
  </reporter-output>
  <suite name="Default suite" duration-ms="75296" started-at="2019-07-17T10:23:58Z" finished-at="2019-07-17T10:25:14Z">
    <groups>
    </groups>
    <test name="Default test" duration-ms="75296" started-at="2019-07-17T10:23:58Z" finished-at="2019-07-17T10:25:14Z">
      <class name="casestudy.onlineShoppingTest">
        <test-method status="PASS" signature="f()[pri:0, instance:casestudy.onlineShoppingTest@5ba23b66]" name="f" is-config="true" duration-ms="25224" started-at="2019-07-17T15:53:58Z" finished-at="2019-07-17T15:54:24Z">
          <reporter-output>
          </reporter-output>
        </test-method> <!-- f -->
        <test-method status="PASS" signature="testRegistration()[pri:1, instance:casestudy.onlineShoppingTest@5ba23b66]" name="testRegistration" duration-ms="17609" started-at="2019-07-17T15:54:24Z" finished-at="2019-07-17T15:54:41Z">
          <reporter-output>
          </reporter-output>
        </test-method> <!-- testRegistration -->
        <test-method status="PASS" signature="testLogin()[pri:2, instance:casestudy.onlineShoppingTest@5ba23b66]" name="testLogin" duration-ms="1619" started-at="2019-07-17T15:54:41Z" finished-at="2019-07-17T15:54:43Z">
          <reporter-output>
          </reporter-output>
        </test-method> <!-- testLogin -->
        <test-method status="PASS" signature="testCart()[pri:3, instance:casestudy.onlineShoppingTest@5ba23b66]" name="testCart" duration-ms="9414" started-at="2019-07-17T15:54:43Z" finished-at="2019-07-17T15:54:52Z">
          <reporter-output>
          </reporter-output>
        </test-method> <!-- testCart -->
        <test-method status="PASS" signature="testPayment()[pri:4, instance:casestudy.onlineShoppingTest@5ba23b66]" name="testPayment" duration-ms="21405" started-at="2019-07-17T15:54:52Z" finished-at="2019-07-17T15:55:14Z">
          <reporter-output>
          </reporter-output>
        </test-method> <!-- testPayment -->
      </class> <!-- casestudy.onlineShoppingTest -->
    </test> <!-- Default test -->
  </suite> <!-- Default suite -->
</testng-results>
